{
  "uid" : "dfd932156896a7d6",
  "name" : "product_details_test.TestProductDetailsPage.test_product_title",
  "title" : "Test product title",
  "time" : {
    "start" : 1611738140925,
    "stop" : 1611738156651,
    "duration" : 15726
  },
  "summary" : {
    "attachments" : 1,
    "steps" : 0
  },
  "failure" : {
    "message" : "AssertionError: assert 'New Apple Ma...Latest Model)' == 'Macbook pro'\n  - Macbook pro\n  + New Apple MacBook Pro with Apple M1 Chip (13-inch, 8GB RAM, 256GB SSD) - Silver (Latest Model)",
    "stackTrace" : "self = <testcases.product_details_test.TestProductDetailsPage object at 0x7f70d74d5470>, setUp = None\n\n    def test_product_title(self, setUp):\n        home_object = Home(self.driver)\n        home_object.enterTextIntoSearchBox(\"Macbook pro\")\n        home_object.clickSearchIcon()\n        time.sleep(5)\n        parent_window = self.driver.current_window_handle\n        print(parent_window)\n    \n        product_page = Products(self.driver)\n        product_page.clickFirstSearchedProduct()\n    \n        time.sleep(3)\n        windows_set = self.driver.window_handles\n        print(windows_set)\n    \n        for window in windows_set:\n            if (window != parent_window):\n                self.driver.switch_to.window(window)\n                self.driver.save_screenshot(\n                    \"/home/kamini/Documents/Niyuj-assignment/Task2/screenshots/\" +\n                    str(random.random() * 10000).split('.')[0] + \".png\")\n    \n        product_detail_object = ProductDetails(self.driver)\n>       assert product_detail_object.getProductTitle() == \"Macbook pro\"\nE       AssertionError: assert 'New Apple Ma...Latest Model)' == 'Macbook pro'\nE         - Macbook pro\nE         + New Apple MacBook Pro with Apple M1 Chip (13-inch, 8GB RAM, 256GB SSD) - Silver (Latest Model)\n\ntestcases/product_details_test.py:48: AssertionError"
  },
  "description" : null,
  "severity" : "NORMAL",
  "status" : "FAILED",
  "suite" : {
    "uid" : "b49ac06e19fbcc78",
    "name" : "testcases",
    "title" : "Testcases"
  },
  "steps" : [ ],
  "attachments" : [ {
    "title" : "Captured stdout call",
    "source" : "4702da3a-3969-4c12-8189-dc009eb01701-attachment.txt",
    "type" : "text/plain",
    "size" : 133,
    "uid" : "5a7a9de13cab96e9"
  } ],
  "issues" : [ ],
  "testIds" : [ ],
  "labels" : [ {
    "name" : "host",
    "value" : "NIYUJ-KAMINI"
  }, {
    "name" : "framework",
    "value" : "pytest"
  }, {
    "name" : "suite-title",
    "value" : null
  }, {
    "name" : "severity",
    "value" : "normal"
  }, {
    "name" : "suite-name",
    "value" : "testcases"
  }, {
    "name" : "thread",
    "value" : "21006-MainThread"
  }, {
    "name" : "language",
    "value" : "cpython3"
  } ],
  "parameters" : [ ]
}